# Server version 0.08 running on 192.168.1.19:8123
# Game ID: 4
# Board class: Saboteur.SaboteurBoard
# Timeout: 20000
# First Move Timeout: 30000
# Date: Mon Mar 23 18:49:39 EDT 2020
# Player 1: Player-0, 'RandomPlayer', running on 192.168.1.19
# Player 2: Player-1, 'Human', running on 192.168.1.19
START Player-0 RandomPlayer
START Player-1 Human
BoardInit:Tile:7,Tile:15,Tile:0,Tile:8,Tile:4,Tile:7,Tile:1,Destroy,Destroy,Tile:0,Bonus,Map,Tile:8,Tile:9,Map,Tile:5,Tile:7,Tile:6,Map,Bonus,Tile:0,Tile:10,Tile:12,Tile:6,Map,Tile:0,Tile:5,Bonus,Tile:7,Destroy,Tile:3,Tile:6,Tile:2,Malus,Tile:13,Tile:5,Tile:9,Tile:5,Tile:8,Tile:9,Tile:7-Map,Tile:14,Tile:10,Tile:9,Malus,Tile:8,Tile:6-Tile:6,Tile:11,Map,Tile:9,Tile:10,Tile:8,Bonus-Tile:hidden2,Tile:nugget,Tile:hidden1
Tile:8 6 5 1
Tile:6_flip 5 4 0
Tile:6_flip 7 5 1
Tile:11 7 6 0
Tile:0 8 5 1
Tile:8 5 6 0
Tile:9_flip 9 5 1
Tile:7_flip 5 7 0
Tile:7_flip 9 6 1
Tile:15 7 7 0
Tile:10 7 8 1
Destroy 7 7 0
Malus 0 0 1
Drop 0 0 0
Tile:8 10 6 1
Map 12 5 0
GAMEOVER USER CANCEL UNDECIDED
# Game ended: Mon Mar 23 18:53:28 EDT 2020
