# Server version 0.08 running on 192.168.1.19:8123
# Game ID: 1
# Board class: Saboteur.SaboteurBoard
# Timeout: 20000
# First Move Timeout: 30000
# Date: Mon Mar 23 18:30:34 EDT 2020
# Player 1: Player-0, 'RandomPlayer', running on 192.168.1.19
# Player 2: Player-1, 'RandomPlayer', running on 192.168.1.19
START Player-0 RandomPlayer
START Player-1 RandomPlayer
BoardInit:Tile:0,Tile:0,Malus,Tile:9,Tile:11,Tile:8,Tile:6,Map,Tile:5,Tile:0,Tile:8,Tile:5,Tile:0,Bonus,Tile:9,Tile:1,Map,Tile:7,Tile:9,Malus,Bonus,Map,Tile:15,Tile:10,Bonus,Tile:6,Tile:6,Tile:7,Map,Tile:6,Tile:10,Tile:7,Tile:5,Tile:7,Tile:4,Tile:9,Tile:10,Destroy,Tile:8,Tile:13,Map-Destroy,Bonus,Tile:12,Tile:3,Tile:6,Tile:5,Destroy-Tile:8,Tile:9,Tile:14,Map,Tile:2,Tile:7,Tile:8-Tile:nugget,Tile:hidden2,Tile:hidden1
Tile:6_flip 4 5 1
Tile:2_flip 3 5 0
Tile:0 2 5 1
Tile:8 5 6 0
Destroy 4 5 1
Drop 4 0 0
Tile:3 6 6 1
Tile:8 4 5 0
Tile:6 6 5 1
Tile:9 6 4 0
Drop 1 0 1
Tile:9 6 3 0
Destroy 6 4 1
Tile:14_flip 3 4 0
Tile:8 1 5 1
Tile:7_flip 5 7 0
Tile:9 4 6 1
Drop 0 0 0
Tile:5 0 5 1
Tile:7 4 4 0
Tile:9 5 4 1
Drop 4 0 0
Tile:5_flip 7 5 1
Tile:5 7 4 0
Tile:11_flip 1 6 1
Tile:10 1 7 0
Tile:15 1 4 1
Tile:6 7 3 0
Tile:6 8 4 1
Tile:7_flip 0 6 0
Malus 0 0 1
Map 12 3 0
Tile:10 7 2 1
Map 12 7 0
Tile:5 7 1 1
Drop 0 0 0
Tile:4 1 3 1
Drop 4 0 0
Tile:10 5 3 1
Destroy 3 4 0
Drop 1 0 1
Drop 4 0 0
Drop 6 0 1
Malus 0 0 0
Drop 4 0 1
Drop 3 0 0
Map 12 7 1
Drop 0 0 0
Bonus 0 0 1
Drop 2 0 0
Tile:8 1 8 1
Drop 0 0 0
Drop 1 0 1
Drop 0 0 0
Drop 0 0 1
GAMEOVER DRAW
# Game ended: Mon Mar 23 18:30:34 EDT 2020
