# Server version 0.08 running on 192.168.1.19:8123
# Game ID: 3
# Board class: Saboteur.SaboteurBoard
# Timeout: 20000
# First Move Timeout: 30000
# Date: Mon Mar 23 18:38:24 EDT 2020
# Player 1: Player-0, 'RandomPlayer', running on 192.168.1.19
# Player 2: Player-1, 'Human', running on 192.168.1.19
START Player-0 RandomPlayer
START Player-1 Human
BoardInit:Tile:5,Tile:5,Tile:9,Tile:0,Tile:7,Malus,Tile:6,Tile:7,Tile:0,Tile:8,Tile:6,Tile:15,Map,Tile:14,Tile:10,Tile:6,Destroy,Map,Tile:10,Tile:5,Tile:9,Map,Tile:2,Map,Tile:6,Tile:9,Tile:8,Malus,Destroy,Tile:9,Tile:1,Destroy,Tile:10,Map,Tile:5,Tile:11,Tile:6,Tile:8,Map,Tile:7,Tile:8-Tile:13,Tile:12,Tile:0,Tile:0,Bonus,Tile:7,Bonus-Tile:4,Tile:9,Bonus,Bonus,Tile:3,Tile:7,Tile:8-Tile:hidden2,Tile:hidden1,Tile:nugget
Tile:0 6 5 1
Tile:9_flip 7 5 0
Tile:7_flip 7 6 1
Tile:4 5 4 0
Tile:0 8 6 1
Tile:5_flip 9 6 0
Tile:7 9 5 1
Tile:8 4 5 0
Tile:9 3 5 1
Tile:7_flip 8 5 0
Tile:5 8 4 1
Drop 1 0 0
Tile:0 9 4 1
Drop 4 0 0
Tile:6 10 4 1
Tile:14_flip 10 3 0
Tile:6 11 4 1
Tile:6 12 4 0
Tile:13 13 4 1
Tile:3 3 4 0
Tile:10 5 6 1
Tile:5_flip 4 6 0
Tile:10 5 7 1
Tile:8 11 3 0
Tile:9 5 8 1
Map 12 5 0
Tile:6 6 8 1
Tile:0 2 4 0
Tile:8 7 8 1
Tile:15 7 4 0
Tile:12 8 8 1
Tile:9_flip 7 3 0
Destroy 8 8 1
Destroy 7 8 0
Tile:10 6 7 1
Tile:9_flip 13 5 0
Tile:5_flip 7 8 1
Tile:11 7 2 0
GAMEOVER USER CANCEL UNDECIDED
# Game ended: Mon Mar 23 18:49:20 EDT 2020
